[INFO] Scanning for projects...
[INFO] 
[INFO] -----------------------< com.example:people-api >-----------------------
[INFO] Building Spring-based AI app 1.0.0
[INFO]   from pom.xml
[INFO] --------------------------------[ jar ]---------------------------------
[INFO] 
[INFO] >>> spring-boot:3.2.0:run (default-cli) > test-compile @ people-api >>>
[INFO] 
[INFO] --- resources:3.3.1:resources (default-resources) @ people-api ---
[INFO] Copying 1 resource from src/main/resources to target/classes
[INFO] Copying 3 resources from src/main/resources to target/classes
[INFO] 
[INFO] --- compiler:3.11.0:compile (default-compile) @ people-api ---
[INFO] Nothing to compile - all classes are up to date
[INFO] 
[INFO] --- resources:3.3.1:testResources (default-testResources) @ people-api ---
[INFO] skip non existing resourceDirectory /home/ondro/workspaces/OmniFish-presentations/AI-driven Jakarta EE/code/amazonq-new-spring-app/src/test/resources
[INFO] 
[INFO] --- compiler:3.11.0:testCompile (default-testCompile) @ people-api ---
[INFO] No sources to compile
[INFO] 
[INFO] <<< spring-boot:3.2.0:run (default-cli) < test-compile @ people-api <<<
[INFO] 
[INFO] 
[INFO] --- spring-boot:3.2.0:run (default-cli) @ people-api ---
[INFO] Attaching agents: []

  .   ____          _            __ _ _
 /\\ / ___'_ __ _ _(_)_ __  __ _ \ \ \ \
( ( )\___ | '_ | '_| | '_ \/ _` | \ \ \ \
 \\/  ___)| |_)| | | | | || (_| |  ) ) ) )
  '  |____| .__|_| |_|_| |_\__, | / / / /
 =========|_|==============|___/=/_/_/_/
 :: Spring Boot ::                (v3.2.0)

2026-01-22T00:39:16.954+01:00  INFO 3253887 --- [           main] com.example.PeopleApiApplication         : Starting PeopleApiApplication using Java 21 with PID 3253887 (/home/ondro/workspaces/OmniFish-presentations/AI-driven Jakarta EE/code/amazonq-new-spring-app/target/classes started by ondro in /home/ondro/workspaces/OmniFish-presentations/AI-driven Jakarta EE/code/amazonq-new-spring-app)
2026-01-22T00:39:16.956+01:00  INFO 3253887 --- [           main] com.example.PeopleApiApplication         : No active profile set, falling back to 1 default profile: "default"
2026-01-22T00:39:17.523+01:00  INFO 3253887 --- [           main] .s.d.r.c.RepositoryConfigurationDelegate : Bootstrapping Spring Data JPA repositories in DEFAULT mode.
2026-01-22T00:39:17.573+01:00  INFO 3253887 --- [           main] .s.d.r.c.RepositoryConfigurationDelegate : Finished Spring Data repository scanning in 42 ms. Found 5 JPA repository interfaces.
2026-01-22T00:39:17.995+01:00  INFO 3253887 --- [           main] o.s.b.w.embedded.tomcat.TomcatWebServer  : Tomcat initialized with port 8081 (http)
2026-01-22T00:39:18.002+01:00  INFO 3253887 --- [           main] o.apache.catalina.core.StandardService   : Starting service [Tomcat]
2026-01-22T00:39:18.003+01:00  INFO 3253887 --- [           main] o.apache.catalina.core.StandardEngine    : Starting Servlet engine: [Apache Tomcat/10.1.16]
2026-01-22T00:39:18.037+01:00  INFO 3253887 --- [           main] o.a.c.c.C.[Tomcat].[localhost].[/]       : Initializing Spring embedded WebApplicationContext
2026-01-22T00:39:18.038+01:00  INFO 3253887 --- [           main] w.s.c.ServletWebServerApplicationContext : Root WebApplicationContext: initialization completed in 1041 ms
2026-01-22T00:39:18.123+01:00  INFO 3253887 --- [           main] com.zaxxer.hikari.HikariDataSource       : HikariPool-1 - Starting...
2026-01-22T00:39:18.255+01:00  INFO 3253887 --- [           main] com.zaxxer.hikari.pool.HikariPool        : HikariPool-1 - Added connection org.postgresql.jdbc.PgConnection@3aed69dd
2026-01-22T00:39:18.256+01:00  INFO 3253887 --- [           main] com.zaxxer.hikari.HikariDataSource       : HikariPool-1 - Start completed.
2026-01-22T00:39:18.314+01:00  INFO 3253887 --- [           main] o.hibernate.jpa.internal.util.LogHelper  : HHH000204: Processing PersistenceUnitInfo [name: default]
2026-01-22T00:39:18.345+01:00  INFO 3253887 --- [           main] org.hibernate.Version                    : HHH000412: Hibernate ORM core version 6.3.1.Final
2026-01-22T00:39:18.366+01:00  INFO 3253887 --- [           main] o.h.c.internal.RegionFactoryInitiator    : HHH000026: Second-level cache disabled
2026-01-22T00:39:18.530+01:00  INFO 3253887 --- [           main] o.s.o.j.p.SpringPersistenceUnitInfo      : No LoadTimeWeaver setup: ignoring JPA class transformer
2026-01-22T00:39:18.576+01:00  WARN 3253887 --- [           main] org.hibernate.orm.deprecation            : HHH90000025: PostgreSQLDialect does not need to be specified explicitly using 'hibernate.dialect' (remove the property setting and it will be selected by default)
2026-01-22T00:39:19.185+01:00  INFO 3253887 --- [           main] o.h.e.t.j.p.i.JtaPlatformInitiator       : HHH000489: No JTA platform available (set 'hibernate.transaction.jta.platform' to enable JTA platform integration)
Hibernate: alter table if exists grade_subjects drop constraint if exists FKoh3xj8fy175046rjmux81u23q
2026-01-22T00:39:19.205+01:00  WARN 3253887 --- [           main] o.h.engine.jdbc.spi.SqlExceptionHelper   : SQL Warning Code: 0, SQLState: 00000
2026-01-22T00:39:19.205+01:00  WARN 3253887 --- [           main] o.h.engine.jdbc.spi.SqlExceptionHelper   : relation "grade_subjects" does not exist, skipping
Hibernate: alter table if exists grade_subjects drop constraint if exists FKtk000bucj05nlemycrk1do8rw
2026-01-22T00:39:19.206+01:00  WARN 3253887 --- [           main] o.h.engine.jdbc.spi.SqlExceptionHelper   : SQL Warning Code: 0, SQLState: 00000
2026-01-22T00:39:19.206+01:00  WARN 3253887 --- [           main] o.h.engine.jdbc.spi.SqlExceptionHelper   : relation "grade_subjects" does not exist, skipping
Hibernate: alter table if exists people drop constraint if exists FK6khkmuv4kybqs49f6n7q3voq0
2026-01-22T00:39:19.207+01:00  WARN 3253887 --- [           main] o.h.engine.jdbc.spi.SqlExceptionHelper   : SQL Warning Code: 0, SQLState: 00000
2026-01-22T00:39:19.207+01:00  WARN 3253887 --- [           main] o.h.engine.jdbc.spi.SqlExceptionHelper   : relation "people" does not exist, skipping
Hibernate: alter table if exists people drop constraint if exists FK7u2euk02ek53k72p4hsx17uis
2026-01-22T00:39:19.207+01:00  WARN 3253887 --- [           main] o.h.engine.jdbc.spi.SqlExceptionHelper   : SQL Warning Code: 0, SQLState: 00000
2026-01-22T00:39:19.208+01:00  WARN 3253887 --- [           main] o.h.engine.jdbc.spi.SqlExceptionHelper   : relation "people" does not exist, skipping
Hibernate: alter table if exists schedules drop constraint if exists FK41ef907xp6n9k547i2ofvj7e6
2026-01-22T00:39:19.208+01:00  WARN 3253887 --- [           main] o.h.engine.jdbc.spi.SqlExceptionHelper   : SQL Warning Code: 0, SQLState: 00000
2026-01-22T00:39:19.208+01:00  WARN 3253887 --- [           main] o.h.engine.jdbc.spi.SqlExceptionHelper   : relation "schedules" does not exist, skipping
Hibernate: alter table if exists schedules drop constraint if exists FK7tl4569066j839d7hd28xwuw8
2026-01-22T00:39:19.209+01:00  WARN 3253887 --- [           main] o.h.engine.jdbc.spi.SqlExceptionHelper   : SQL Warning Code: 0, SQLState: 00000
2026-01-22T00:39:19.209+01:00  WARN 3253887 --- [           main] o.h.engine.jdbc.spi.SqlExceptionHelper   : relation "schedules" does not exist, skipping
Hibernate: alter table if exists schedules drop constraint if exists FK5fc6gkpli782fdat2ftpcgmse
2026-01-22T00:39:19.209+01:00  WARN 3253887 --- [           main] o.h.engine.jdbc.spi.SqlExceptionHelper   : SQL Warning Code: 0, SQLState: 00000
2026-01-22T00:39:19.209+01:00  WARN 3253887 --- [           main] o.h.engine.jdbc.spi.SqlExceptionHelper   : relation "schedules" does not exist, skipping
Hibernate: alter table if exists teacher_subjects drop constraint if exists FKdweqkwxroox2u7pbmksehx04i
2026-01-22T00:39:19.210+01:00  WARN 3253887 --- [           main] o.h.engine.jdbc.spi.SqlExceptionHelper   : SQL Warning Code: 0, SQLState: 00000
2026-01-22T00:39:19.210+01:00  WARN 3253887 --- [           main] o.h.engine.jdbc.spi.SqlExceptionHelper   : relation "teacher_subjects" does not exist, skipping
Hibernate: alter table if exists teacher_subjects drop constraint if exists FKr6dgalj4n6wcrl1bn35bs7ls7
2026-01-22T00:39:19.210+01:00  WARN 3253887 --- [           main] o.h.engine.jdbc.spi.SqlExceptionHelper   : SQL Warning Code: 0, SQLState: 00000
2026-01-22T00:39:19.210+01:00  WARN 3253887 --- [           main] o.h.engine.jdbc.spi.SqlExceptionHelper   : relation "teacher_subjects" does not exist, skipping
Hibernate: drop table if exists grade_subjects cascade
2026-01-22T00:39:19.211+01:00  WARN 3253887 --- [           main] o.h.engine.jdbc.spi.SqlExceptionHelper   : SQL Warning Code: 0, SQLState: 00000
2026-01-22T00:39:19.211+01:00  WARN 3253887 --- [           main] o.h.engine.jdbc.spi.SqlExceptionHelper   : table "grade_subjects" does not exist, skipping
Hibernate: drop table if exists grades cascade
2026-01-22T00:39:19.211+01:00  WARN 3253887 --- [           main] o.h.engine.jdbc.spi.SqlExceptionHelper   : SQL Warning Code: 0, SQLState: 00000
2026-01-22T00:39:19.211+01:00  WARN 3253887 --- [           main] o.h.engine.jdbc.spi.SqlExceptionHelper   : table "grades" does not exist, skipping
Hibernate: drop table if exists groups cascade
2026-01-22T00:39:19.212+01:00  WARN 3253887 --- [           main] o.h.engine.jdbc.spi.SqlExceptionHelper   : SQL Warning Code: 0, SQLState: 00000
2026-01-22T00:39:19.212+01:00  WARN 3253887 --- [           main] o.h.engine.jdbc.spi.SqlExceptionHelper   : table "groups" does not exist, skipping
Hibernate: drop table if exists people cascade
2026-01-22T00:39:19.212+01:00  WARN 3253887 --- [           main] o.h.engine.jdbc.spi.SqlExceptionHelper   : SQL Warning Code: 0, SQLState: 00000
2026-01-22T00:39:19.212+01:00  WARN 3253887 --- [           main] o.h.engine.jdbc.spi.SqlExceptionHelper   : table "people" does not exist, skipping
Hibernate: drop table if exists schedules cascade
2026-01-22T00:39:19.213+01:00  WARN 3253887 --- [           main] o.h.engine.jdbc.spi.SqlExceptionHelper   : SQL Warning Code: 0, SQLState: 00000
2026-01-22T00:39:19.213+01:00  WARN 3253887 --- [           main] o.h.engine.jdbc.spi.SqlExceptionHelper   : table "schedules" does not exist, skipping
Hibernate: drop table if exists subjects cascade
2026-01-22T00:39:19.213+01:00  WARN 3253887 --- [           main] o.h.engine.jdbc.spi.SqlExceptionHelper   : SQL Warning Code: 0, SQLState: 00000
2026-01-22T00:39:19.213+01:00  WARN 3253887 --- [           main] o.h.engine.jdbc.spi.SqlExceptionHelper   : table "subjects" does not exist, skipping
Hibernate: drop table if exists teacher_subjects cascade
2026-01-22T00:39:19.213+01:00  WARN 3253887 --- [           main] o.h.engine.jdbc.spi.SqlExceptionHelper   : SQL Warning Code: 0, SQLState: 00000
2026-01-22T00:39:19.214+01:00  WARN 3253887 --- [           main] o.h.engine.jdbc.spi.SqlExceptionHelper   : table "teacher_subjects" does not exist, skipping
Hibernate: create table grade_subjects (grade_id bigint not null, subject_id bigint not null)
Hibernate: create table grades (level integer not null unique, id bigserial not null, primary key (id))
Hibernate: create table groups (id bigserial not null, name varchar(100) not null unique, primary key (id))
Hibernate: create table people (grade_id bigint, group_id bigint, id bigserial not null, first_name varchar(50) not null, last_name varchar(50) not null, primary key (id))
Hibernate: create table schedules (day_of_week integer not null, time_slot integer not null, grade_id bigint not null, id bigserial not null, subject_id bigint not null, teacher_id bigint not null, primary key (id))
Hibernate: create table subjects (id bigserial not null, name varchar(255) not null unique, primary key (id))
Hibernate: create table teacher_subjects (person_id bigint not null, subject_id bigint not null)
Hibernate: create index idx_subject_name on subjects (name)
Hibernate: alter table if exists grade_subjects add constraint FKoh3xj8fy175046rjmux81u23q foreign key (subject_id) references subjects
Hibernate: alter table if exists grade_subjects add constraint FKtk000bucj05nlemycrk1do8rw foreign key (grade_id) references grades
Hibernate: alter table if exists people add constraint FK6khkmuv4kybqs49f6n7q3voq0 foreign key (grade_id) references grades
Hibernate: alter table if exists people add constraint FK7u2euk02ek53k72p4hsx17uis foreign key (group_id) references groups
Hibernate: alter table if exists schedules add constraint FK41ef907xp6n9k547i2ofvj7e6 foreign key (grade_id) references grades
Hibernate: alter table if exists schedules add constraint FK7tl4569066j839d7hd28xwuw8 foreign key (subject_id) references subjects
Hibernate: alter table if exists schedules add constraint FK5fc6gkpli782fdat2ftpcgmse foreign key (teacher_id) references people
Hibernate: alter table if exists teacher_subjects add constraint FKdweqkwxroox2u7pbmksehx04i foreign key (subject_id) references subjects
Hibernate: alter table if exists teacher_subjects add constraint FKr6dgalj4n6wcrl1bn35bs7ls7 foreign key (person_id) references people
2026-01-22T00:39:19.260+01:00  INFO 3253887 --- [           main] j.LocalContainerEntityManagerFactoryBean : Initialized JPA EntityManagerFactory for persistence unit 'default'
2026-01-22T00:39:19.848+01:00  WARN 3253887 --- [           main] JpaBaseConfiguration$JpaWebConfiguration : spring.jpa.open-in-view is enabled by default. Therefore, database queries may be performed during view rendering. Explicitly configure spring.jpa.open-in-view to disable this warning
2026-01-22T00:39:19.939+01:00  INFO 3253887 --- [           main] o.s.b.a.w.s.WelcomePageHandlerMapping    : Adding welcome page template: index
2026-01-22T00:39:20.216+01:00  INFO 3253887 --- [           main] o.s.s.web.DefaultSecurityFilterChain     : Will secure any request with [org.springframework.security.web.session.DisableEncodeUrlFilter@c5e7696, org.springframework.security.web.context.request.async.WebAsyncManagerIntegrationFilter@4f579582, org.springframework.security.web.context.SecurityContextHolderFilter@54e3cba2, org.springframework.security.web.header.HeaderWriterFilter@4f2a9903, org.springframework.web.filter.CorsFilter@4769e70c, org.springframework.security.web.csrf.CsrfFilter@411576c7, org.springframework.security.web.authentication.logout.LogoutFilter@4abb4041, org.springframework.security.oauth2.client.web.OAuth2AuthorizationRequestRedirectFilter@75aeec0a, org.springframework.security.oauth2.client.web.OAuth2LoginAuthenticationFilter@22942eff, org.springframework.security.web.authentication.ui.DefaultLoginPageGeneratingFilter@5978ba12, org.springframework.security.web.authentication.ui.DefaultLogoutPageGeneratingFilter@69346100, org.springframework.security.oauth2.server.resource.web.authentication.BearerTokenAuthenticationFilter@501b15b9, org.springframework.security.web.savedrequest.RequestCacheAwareFilter@13e5c53c, org.springframework.security.web.servletapi.SecurityContextHolderAwareRequestFilter@5d03df76, org.springframework.security.web.authentication.AnonymousAuthenticationFilter@16a14076, org.springframework.security.web.access.ExceptionTranslationFilter@520eb9f8, org.springframework.security.web.access.intercept.AuthorizationFilter@4960b819]
2026-01-22T00:39:20.471+01:00  INFO 3253887 --- [           main] o.s.b.w.embedded.tomcat.TomcatWebServer  : Tomcat started on port 8081 (http) with context path ''
2026-01-22T00:39:20.477+01:00  INFO 3253887 --- [           main] com.example.PeopleApiApplication         : Started PeopleApiApplication in 3.807 seconds (process running for 4.034)
Hibernate: select count(*) from groups g1_0
Hibernate: insert into groups (name) values (?)
Hibernate: insert into groups (name) values (?)
Hibernate: insert into subjects (name) values (?)
Hibernate: insert into subjects (name) values (?)
Hibernate: insert into subjects (name) values (?)
Hibernate: insert into subjects (name) values (?)
Hibernate: insert into subjects (name) values (?)
Hibernate: insert into subjects (name) values (?)
Hibernate: insert into grades (level) values (?)
Hibernate: insert into grades (level) values (?)
Hibernate: insert into grades (level) values (?)
Hibernate: insert into people (first_name,grade_id,group_id,last_name) values (?,?,?,?)
Hibernate: insert into people (first_name,grade_id,group_id,last_name) values (?,?,?,?)
Hibernate: insert into people (first_name,grade_id,group_id,last_name) values (?,?,?,?)
Hibernate: insert into people (first_name,grade_id,group_id,last_name) values (?,?,?,?)
Hibernate: insert into people (first_name,grade_id,group_id,last_name) values (?,?,?,?)
Hibernate: insert into people (first_name,grade_id,group_id,last_name) values (?,?,?,?)
Hibernate: insert into people (first_name,grade_id,group_id,last_name) values (?,?,?,?)
Hibernate: insert into people (first_name,grade_id,group_id,last_name) values (?,?,?,?)
Hibernate: insert into people (first_name,grade_id,group_id,last_name) values (?,?,?,?)
Hibernate: insert into people (first_name,grade_id,group_id,last_name) values (?,?,?,?)
Hibernate: insert into people (first_name,grade_id,group_id,last_name) values (?,?,?,?)
Hibernate: insert into people (first_name,grade_id,group_id,last_name) values (?,?,?,?)
Hibernate: insert into people (first_name,grade_id,group_id,last_name) values (?,?,?,?)
Hibernate: insert into people (first_name,grade_id,group_id,last_name) values (?,?,?,?)
Hibernate: insert into people (first_name,grade_id,group_id,last_name) values (?,?,?,?)
Hibernate: insert into people (first_name,grade_id,group_id,last_name) values (?,?,?,?)
Hibernate: select p1_0.id,p1_0.first_name,p1_0.grade_id,p1_0.group_id,p1_0.last_name from people p1_0
Hibernate: select g1_0.id,g1_0.level from grades g1_0
Hibernate: insert into schedules (day_of_week,grade_id,subject_id,teacher_id,time_slot) values (?,?,?,?,?)
Hibernate: insert into schedules (day_of_week,grade_id,subject_id,teacher_id,time_slot) values (?,?,?,?,?)
Hibernate: insert into schedules (day_of_week,grade_id,subject_id,teacher_id,time_slot) values (?,?,?,?,?)
Hibernate: insert into schedules (day_of_week,grade_id,subject_id,teacher_id,time_slot) values (?,?,?,?,?)
Hibernate: insert into schedules (day_of_week,grade_id,subject_id,teacher_id,time_slot) values (?,?,?,?,?)
Hibernate: insert into schedules (day_of_week,grade_id,subject_id,teacher_id,time_slot) values (?,?,?,?,?)
Hibernate: insert into schedules (day_of_week,grade_id,subject_id,teacher_id,time_slot) values (?,?,?,?,?)
Hibernate: insert into schedules (day_of_week,grade_id,subject_id,teacher_id,time_slot) values (?,?,?,?,?)
Hibernate: insert into schedules (day_of_week,grade_id,subject_id,teacher_id,time_slot) values (?,?,?,?,?)
Hibernate: insert into schedules (day_of_week,grade_id,subject_id,teacher_id,time_slot) values (?,?,?,?,?)
Hibernate: insert into schedules (day_of_week,grade_id,subject_id,teacher_id,time_slot) values (?,?,?,?,?)
Hibernate: insert into schedules (day_of_week,grade_id,subject_id,teacher_id,time_slot) values (?,?,?,?,?)
Hibernate: insert into schedules (day_of_week,grade_id,subject_id,teacher_id,time_slot) values (?,?,?,?,?)
Hibernate: insert into schedules (day_of_week,grade_id,subject_id,teacher_id,time_slot) values (?,?,?,?,?)
Hibernate: insert into schedules (day_of_week,grade_id,subject_id,teacher_id,time_slot) values (?,?,?,?,?)
Hibernate: insert into schedules (day_of_week,grade_id,subject_id,teacher_id,time_slot) values (?,?,?,?,?)
Hibernate: insert into schedules (day_of_week,grade_id,subject_id,teacher_id,time_slot) values (?,?,?,?,?)
Hibernate: insert into schedules (day_of_week,grade_id,subject_id,teacher_id,time_slot) values (?,?,?,?,?)
Hibernate: insert into schedules (day_of_week,grade_id,subject_id,teacher_id,time_slot) values (?,?,?,?,?)
Hibernate: insert into schedules (day_of_week,grade_id,subject_id,teacher_id,time_slot) values (?,?,?,?,?)
Hibernate: insert into schedules (day_of_week,grade_id,subject_id,teacher_id,time_slot) values (?,?,?,?,?)
Hibernate: insert into schedules (day_of_week,grade_id,subject_id,teacher_id,time_slot) values (?,?,?,?,?)
Hibernate: insert into schedules (day_of_week,grade_id,subject_id,teacher_id,time_slot) values (?,?,?,?,?)
Hibernate: insert into schedules (day_of_week,grade_id,subject_id,teacher_id,time_slot) values (?,?,?,?,?)
Hibernate: insert into schedules (day_of_week,grade_id,subject_id,teacher_id,time_slot) values (?,?,?,?,?)
Hibernate: insert into schedules (day_of_week,grade_id,subject_id,teacher_id,time_slot) values (?,?,?,?,?)
Hibernate: insert into schedules (day_of_week,grade_id,subject_id,teacher_id,time_slot) values (?,?,?,?,?)
Hibernate: insert into schedules (day_of_week,grade_id,subject_id,teacher_id,time_slot) values (?,?,?,?,?)
Hibernate: insert into schedules (day_of_week,grade_id,subject_id,teacher_id,time_slot) values (?,?,?,?,?)
Hibernate: insert into schedules (day_of_week,grade_id,subject_id,teacher_id,time_slot) values (?,?,?,?,?)
Hibernate: insert into schedules (day_of_week,grade_id,subject_id,teacher_id,time_slot) values (?,?,?,?,?)
Hibernate: insert into schedules (day_of_week,grade_id,subject_id,teacher_id,time_slot) values (?,?,?,?,?)
Hibernate: insert into schedules (day_of_week,grade_id,subject_id,teacher_id,time_slot) values (?,?,?,?,?)
Hibernate: insert into schedules (day_of_week,grade_id,subject_id,teacher_id,time_slot) values (?,?,?,?,?)
Hibernate: insert into schedules (day_of_week,grade_id,subject_id,teacher_id,time_slot) values (?,?,?,?,?)
Hibernate: insert into schedules (day_of_week,grade_id,subject_id,teacher_id,time_slot) values (?,?,?,?,?)
Hibernate: insert into schedules (day_of_week,grade_id,subject_id,teacher_id,time_slot) values (?,?,?,?,?)
Hibernate: insert into schedules (day_of_week,grade_id,subject_id,teacher_id,time_slot) values (?,?,?,?,?)
Hibernate: insert into schedules (day_of_week,grade_id,subject_id,teacher_id,time_slot) values (?,?,?,?,?)
Hibernate: insert into schedules (day_of_week,grade_id,subject_id,teacher_id,time_slot) values (?,?,?,?,?)
Hibernate: insert into schedules (day_of_week,grade_id,subject_id,teacher_id,time_slot) values (?,?,?,?,?)
Hibernate: insert into schedules (day_of_week,grade_id,subject_id,teacher_id,time_slot) values (?,?,?,?,?)
Hibernate: insert into schedules (day_of_week,grade_id,subject_id,teacher_id,time_slot) values (?,?,?,?,?)
Hibernate: insert into schedules (day_of_week,grade_id,subject_id,teacher_id,time_slot) values (?,?,?,?,?)
Hibernate: insert into schedules (day_of_week,grade_id,subject_id,teacher_id,time_slot) values (?,?,?,?,?)
Hibernate: insert into schedules (day_of_week,grade_id,subject_id,teacher_id,time_slot) values (?,?,?,?,?)
Hibernate: insert into schedules (day_of_week,grade_id,subject_id,teacher_id,time_slot) values (?,?,?,?,?)
Hibernate: insert into schedules (day_of_week,grade_id,subject_id,teacher_id,time_slot) values (?,?,?,?,?)
Hibernate: insert into schedules (day_of_week,grade_id,subject_id,teacher_id,time_slot) values (?,?,?,?,?)
Hibernate: insert into grade_subjects (grade_id,subject_id) values (?,?)
Hibernate: insert into grade_subjects (grade_id,subject_id) values (?,?)
Hibernate: insert into grade_subjects (grade_id,subject_id) values (?,?)
Hibernate: insert into grade_subjects (grade_id,subject_id) values (?,?)
Hibernate: insert into grade_subjects (grade_id,subject_id) values (?,?)
Hibernate: insert into grade_subjects (grade_id,subject_id) values (?,?)
Hibernate: insert into grade_subjects (grade_id,subject_id) values (?,?)
Hibernate: insert into grade_subjects (grade_id,subject_id) values (?,?)
Hibernate: insert into grade_subjects (grade_id,subject_id) values (?,?)
Hibernate: insert into grade_subjects (grade_id,subject_id) values (?,?)
Hibernate: insert into grade_subjects (grade_id,subject_id) values (?,?)
Hibernate: insert into grade_subjects (grade_id,subject_id) values (?,?)
Hibernate: insert into grade_subjects (grade_id,subject_id) values (?,?)
Hibernate: insert into teacher_subjects (person_id,subject_id) values (?,?)
Hibernate: insert into teacher_subjects (person_id,subject_id) values (?,?)
Hibernate: insert into teacher_subjects (person_id,subject_id) values (?,?)
Hibernate: insert into teacher_subjects (person_id,subject_id) values (?,?)
Hibernate: insert into teacher_subjects (person_id,subject_id) values (?,?)
Hibernate: insert into teacher_subjects (person_id,subject_id) values (?,?)
Hibernate: insert into teacher_subjects (person_id,subject_id) values (?,?)
Hibernate: insert into teacher_subjects (person_id,subject_id) values (?,?)
Hibernate: insert into teacher_subjects (person_id,subject_id) values (?,?)
Hibernate: insert into teacher_subjects (person_id,subject_id) values (?,?)
Hibernate: insert into teacher_subjects (person_id,subject_id) values (?,?)
Hibernate: insert into teacher_subjects (person_id,subject_id) values (?,?)
Hibernate: insert into teacher_subjects (person_id,subject_id) values (?,?)
Hibernate: insert into teacher_subjects (person_id,subject_id) values (?,?)
Hibernate: insert into teacher_subjects (person_id,subject_id) values (?,?)
Hibernate: insert into teacher_subjects (person_id,subject_id) values (?,?)
Hibernate: insert into teacher_subjects (person_id,subject_id) values (?,?)
Hibernate: insert into teacher_subjects (person_id,subject_id) values (?,?)
Hibernate: insert into teacher_subjects (person_id,subject_id) values (?,?)
Hibernate: insert into teacher_subjects (person_id,subject_id) values (?,?)
Hibernate: insert into teacher_subjects (person_id,subject_id) values (?,?)
Hibernate: insert into teacher_subjects (person_id,subject_id) values (?,?)
Hibernate: insert into teacher_subjects (person_id,subject_id) values (?,?)
Hibernate: insert into teacher_subjects (person_id,subject_id) values (?,?)
Hibernate: insert into teacher_subjects (person_id,subject_id) values (?,?)
Hibernate: insert into teacher_subjects (person_id,subject_id) values (?,?)
2026-01-22T00:39:23.958+01:00  INFO 3253887 --- [nio-8081-exec-1] o.a.c.c.C.[Tomcat].[localhost].[/]       : Initializing Spring DispatcherServlet 'dispatcherServlet'
2026-01-22T00:39:23.958+01:00  INFO 3253887 --- [nio-8081-exec-1] o.s.web.servlet.DispatcherServlet        : Initializing Servlet 'dispatcherServlet'
2026-01-22T00:39:23.959+01:00  INFO 3253887 --- [nio-8081-exec-1] o.s.web.servlet.DispatcherServlet        : Completed initialization in 1 ms
2026-01-22T00:39:23.967+01:00  WARN 3253887 --- [nio-8081-exec-1] o.s.w.s.h.HandlerMappingIntrospector     : Cache miss for REQUEST dispatch to '/' (previous null). Performing CorsConfiguration lookup. This is logged once only at WARN level, and every time at TRACE.
2026-01-22T00:39:23.974+01:00  WARN 3253887 --- [nio-8081-exec-1] o.s.w.s.h.HandlerMappingIntrospector     : Cache miss for REQUEST dispatch to '/' (previous null). Performing MatchableHandlerMapping lookup. This is logged once only at WARN level, and every time at TRACE.
No roles found in token, granting default ADMIN role
User claims: {at_hash=3Jl2cwwauoe3WSXBkdUDvg, sub=986db3c7-6a3d-432e-8688-ccd25a642217, email_verified=false, iss=http://localhost:8080/realms/school-management, typ=ID, preferred_username=admin, given_name=Admin, nonce=ux2LlVFsyjkcVfqhq8ElyDMCtdXmw5UaPseTmsIylQM, sid=2122ea8c-6087-4b0f-883b-802e4c78cb28, aud=[school-management], acr=1, azp=school-management, auth_time=2026-01-21T23:39:27Z, name=Admin User, exp=2026-01-21T23:44:27Z, session_state=2122ea8c-6087-4b0f-883b-802e4c78cb28, family_name=User, iat=2026-01-21T23:39:27Z, email=admin@school.com, jti=54a95581-5e7f-4017-ae1b-0a85ef1d8d00}
Extracted authorities: [ROLE_ADMIN]
Hibernate: select s1_0.id,s1_0.name from subjects s1_0
Hibernate: select g1_0.id,g1_0.level from grades g1_0
Hibernate: select g1_0.id,g1_0.name from groups g1_0
Hibernate: select s1_0.id,s1_0.day_of_week,s1_0.grade_id,s1_0.subject_id,s1_0.teacher_id,s1_0.time_slot from schedules s1_0
Hibernate: select p1_0.id,p1_0.first_name,p1_0.grade_id,p1_0.group_id,p1_0.last_name from people p1_0
Hibernate: select g1_0.id,g1_0.name from groups g1_0 where g1_0.id=?
Hibernate: select g1_0.id,g1_0.level from grades g1_0 where g1_0.id=?
Hibernate: select s1_0.id,s1_0.name from subjects s1_0 where s1_0.id=?
Hibernate: select g1_0.id,g1_0.level from grades g1_0 where g1_0.id=?
Hibernate: select p1_0.id,p1_0.first_name,g1_0.id,g1_0.level,g2_0.id,g2_0.name,p1_0.last_name from people p1_0 left join grades g1_0 on g1_0.id=p1_0.grade_id left join groups g2_0 on g2_0.id=p1_0.group_id where p1_0.id=?
Hibernate: select g1_0.id,g1_0.level from grades g1_0 where g1_0.id=?
Hibernate: select g1_0.id,g1_0.name from groups g1_0 where g1_0.id=?
Hibernate: select p1_0.id,p1_0.first_name,g1_0.id,g1_0.level,g2_0.id,g2_0.name,p1_0.last_name from people p1_0 left join grades g1_0 on g1_0.id=p1_0.grade_id left join groups g2_0 on g2_0.id=p1_0.group_id where p1_0.id=?
Hibernate: select g1_0.id,g1_0.level from grades g1_0 where g1_0.id=?
Hibernate: select g1_0.id,g1_0.level from grades g1_0 where g1_0.id=?
Hibernate: select g1_0.id,g1_0.level from grades g1_0 where g1_0.id=?
Hibernate: select s1_0.id,s1_0.name from subjects s1_0 where s1_0.id=?
Hibernate: select p1_0.id,p1_0.first_name,g1_0.id,g1_0.level,g2_0.id,g2_0.name,p1_0.last_name from people p1_0 left join grades g1_0 on g1_0.id=p1_0.grade_id left join groups g2_0 on g2_0.id=p1_0.group_id where p1_0.id=?
Hibernate: select s1_0.id,s1_0.name from subjects s1_0 where s1_0.id=?
Hibernate: select p1_0.id,p1_0.first_name,g1_0.id,g1_0.level,g2_0.id,g2_0.name,p1_0.last_name from people p1_0 left join grades g1_0 on g1_0.id=p1_0.grade_id left join groups g2_0 on g2_0.id=p1_0.group_id where p1_0.id=?
Hibernate: select p1_0.id,p1_0.first_name,g1_0.id,g1_0.level,g2_0.id,g2_0.name,p1_0.last_name from people p1_0 left join grades g1_0 on g1_0.id=p1_0.grade_id left join groups g2_0 on g2_0.id=p1_0.group_id where p1_0.id=?
Hibernate: select p1_0.id,p1_0.first_name,g1_0.id,g1_0.level,g2_0.id,g2_0.name,p1_0.last_name from people p1_0 left join grades g1_0 on g1_0.id=p1_0.grade_id left join groups g2_0 on g2_0.id=p1_0.group_id where p1_0.id=?
Hibernate: select p1_0.id,p1_0.first_name,g1_0.id,g1_0.level,g2_0.id,g2_0.name,p1_0.last_name from people p1_0 left join grades g1_0 on g1_0.id=p1_0.grade_id left join groups g2_0 on g2_0.id=p1_0.group_id where p1_0.id=?
Hibernate: select p1_0.id,p1_0.first_name,g1_0.id,g1_0.level,g2_0.id,g2_0.name,p1_0.last_name from people p1_0 left join grades g1_0 on g1_0.id=p1_0.grade_id left join groups g2_0 on g2_0.id=p1_0.group_id where p1_0.id=?
Hibernate: select p1_0.id,p1_0.first_name,g1_0.id,g1_0.level,g2_0.id,g2_0.name,p1_0.last_name from people p1_0 left join grades g1_0 on g1_0.id=p1_0.grade_id left join groups g2_0 on g2_0.id=p1_0.group_id where p1_0.id=?
Hibernate: select p1_0.id,p1_0.first_name,g1_0.id,g1_0.level,g2_0.id,g2_0.name,p1_0.last_name from people p1_0 left join grades g1_0 on g1_0.id=p1_0.grade_id left join groups g2_0 on g2_0.id=p1_0.group_id where p1_0.id=?
Hibernate: select s1_0.grade_id,s1_1.id,s1_1.name from grade_subjects s1_0 join subjects s1_1 on s1_1.id=s1_0.subject_id where s1_0.grade_id=?
Hibernate: select s1_0.person_id,s1_1.id,s1_1.name from teacher_subjects s1_0 join subjects s1_1 on s1_1.id=s1_0.subject_id where s1_0.person_id=?
Hibernate: select s1_0.person_id,s1_1.id,s1_1.name from teacher_subjects s1_0 join subjects s1_1 on s1_1.id=s1_0.subject_id where s1_0.person_id=?
Hibernate: select p1_0.group_id,p1_0.id,p1_0.first_name,g1_0.id,g1_0.level,p1_0.last_name from people p1_0 left join grades g1_0 on g1_0.id=p1_0.grade_id where p1_0.group_id=?
Hibernate: select s1_0.grade_id,s1_1.id,s1_1.name from grade_subjects s1_0 join subjects s1_1 on s1_1.id=s1_0.subject_id where s1_0.grade_id=?
Hibernate: select s1_0.person_id,s1_1.id,s1_1.name from teacher_subjects s1_0 join subjects s1_1 on s1_1.id=s1_0.subject_id where s1_0.person_id=?
Hibernate: select s1_0.grade_id,s1_1.id,s1_1.name from grade_subjects s1_0 join subjects s1_1 on s1_1.id=s1_0.subject_id where s1_0.grade_id=?
Hibernate: select s1_0.person_id,s1_1.id,s1_1.name from teacher_subjects s1_0 join subjects s1_1 on s1_1.id=s1_0.subject_id where s1_0.person_id=?
Hibernate: select s1_0.person_id,s1_1.id,s1_1.name from teacher_subjects s1_0 join subjects s1_1 on s1_1.id=s1_0.subject_id where s1_0.person_id=?
Hibernate: select s1_0.grade_id,s1_1.id,s1_1.name from grade_subjects s1_0 join subjects s1_1 on s1_1.id=s1_0.subject_id where s1_0.grade_id=?
Hibernate: select s1_0.person_id,s1_1.id,s1_1.name from teacher_subjects s1_0 join subjects s1_1 on s1_1.id=s1_0.subject_id where s1_0.person_id=?
Hibernate: select s1_0.person_id,s1_1.id,s1_1.name from teacher_subjects s1_0 join subjects s1_1 on s1_1.id=s1_0.subject_id where s1_0.person_id=?
Hibernate: select s1_0.person_id,s1_1.id,s1_1.name from teacher_subjects s1_0 join subjects s1_1 on s1_1.id=s1_0.subject_id where s1_0.person_id=?
Hibernate: select s1_0.person_id,s1_1.id,s1_1.name from teacher_subjects s1_0 join subjects s1_1 on s1_1.id=s1_0.subject_id where s1_0.person_id=?
Hibernate: select s1_0.person_id,s1_1.id,s1_1.name from teacher_subjects s1_0 join subjects s1_1 on s1_1.id=s1_0.subject_id where s1_0.person_id=?
Hibernate: select s1_0.grade_id,s1_1.id,s1_1.name from grade_subjects s1_0 join subjects s1_1 on s1_1.id=s1_0.subject_id where s1_0.grade_id=?
Hibernate: select s1_0.person_id,s1_1.id,s1_1.name from teacher_subjects s1_0 join subjects s1_1 on s1_1.id=s1_0.subject_id where s1_0.person_id=?
Hibernate: select s1_0.grade_id,s1_1.id,s1_1.name from grade_subjects s1_0 join subjects s1_1 on s1_1.id=s1_0.subject_id where s1_0.grade_id=?
Hibernate: select s1_0.person_id,s1_1.id,s1_1.name from teacher_subjects s1_0 join subjects s1_1 on s1_1.id=s1_0.subject_id where s1_0.person_id=?
Hibernate: select s1_0.person_id,s1_1.id,s1_1.name from teacher_subjects s1_0 join subjects s1_1 on s1_1.id=s1_0.subject_id where s1_0.person_id=?
Hibernate: select s1_0.person_id,s1_1.id,s1_1.name from teacher_subjects s1_0 join subjects s1_1 on s1_1.id=s1_0.subject_id where s1_0.person_id=?
Hibernate: select s1_0.person_id,s1_1.id,s1_1.name from teacher_subjects s1_0 join subjects s1_1 on s1_1.id=s1_0.subject_id where s1_0.person_id=?
Hibernate: select s1_0.person_id,s1_1.id,s1_1.name from teacher_subjects s1_0 join subjects s1_1 on s1_1.id=s1_0.subject_id where s1_0.person_id=?
Hibernate: select s1_0.person_id,s1_1.id,s1_1.name from teacher_subjects s1_0 join subjects s1_1 on s1_1.id=s1_0.subject_id where s1_0.person_id=?
Hibernate: select s1_0.person_id,s1_1.id,s1_1.name from teacher_subjects s1_0 join subjects s1_1 on s1_1.id=s1_0.subject_id where s1_0.person_id=?
Hibernate: select s1_0.person_id,s1_1.id,s1_1.name from teacher_subjects s1_0 join subjects s1_1 on s1_1.id=s1_0.subject_id where s1_0.person_id=?
Hibernate: select s1_0.person_id,s1_1.id,s1_1.name from teacher_subjects s1_0 join subjects s1_1 on s1_1.id=s1_0.subject_id where s1_0.person_id=?
Hibernate: select s1_0.person_id,s1_1.id,s1_1.name from teacher_subjects s1_0 join subjects s1_1 on s1_1.id=s1_0.subject_id where s1_0.person_id=?
Hibernate: select s1_0.person_id,s1_1.id,s1_1.name from teacher_subjects s1_0 join subjects s1_1 on s1_1.id=s1_0.subject_id where s1_0.person_id=?
Hibernate: select s1_0.person_id,s1_1.id,s1_1.name from teacher_subjects s1_0 join subjects s1_1 on s1_1.id=s1_0.subject_id where s1_0.person_id=?
Hibernate: select s1_0.person_id,s1_1.id,s1_1.name from teacher_subjects s1_0 join subjects s1_1 on s1_1.id=s1_0.subject_id where s1_0.person_id=?
Hibernate: select s1_0.person_id,s1_1.id,s1_1.name from teacher_subjects s1_0 join subjects s1_1 on s1_1.id=s1_0.subject_id where s1_0.person_id=?
Hibernate: select p1_0.group_id,p1_0.id,p1_0.first_name,g1_0.id,g1_0.level,p1_0.last_name from people p1_0 left join grades g1_0 on g1_0.id=p1_0.grade_id where p1_0.group_id=?
Hibernate: select s1_0.person_id,s1_1.id,s1_1.name from teacher_subjects s1_0 join subjects s1_1 on s1_1.id=s1_0.subject_id where s1_0.person_id=?
Hibernate: select s1_0.grade_id,s1_1.id,s1_1.name from grade_subjects s1_0 join subjects s1_1 on s1_1.id=s1_0.subject_id where s1_0.grade_id=?
Hibernate: select s1_0.grade_id,s1_1.id,s1_1.name from grade_subjects s1_0 join subjects s1_1 on s1_1.id=s1_0.subject_id where s1_0.grade_id=?
Hibernate: select s1_0.person_id,s1_1.id,s1_1.name from teacher_subjects s1_0 join subjects s1_1 on s1_1.id=s1_0.subject_id where s1_0.person_id=?
Hibernate: select s1_0.person_id,s1_1.id,s1_1.name from teacher_subjects s1_0 join subjects s1_1 on s1_1.id=s1_0.subject_id where s1_0.person_id=?
Hibernate: select s1_0.person_id,s1_1.id,s1_1.name from teacher_subjects s1_0 join subjects s1_1 on s1_1.id=s1_0.subject_id where s1_0.person_id=?
Hibernate: select s1_0.person_id,s1_1.id,s1_1.name from teacher_subjects s1_0 join subjects s1_1 on s1_1.id=s1_0.subject_id where s1_0.person_id=?
Hibernate: select s1_0.person_id,s1_1.id,s1_1.name from teacher_subjects s1_0 join subjects s1_1 on s1_1.id=s1_0.subject_id where s1_0.person_id=?
Hibernate: select s1_0.person_id,s1_1.id,s1_1.name from teacher_subjects s1_0 join subjects s1_1 on s1_1.id=s1_0.subject_id where s1_0.person_id=?
Hibernate: select s1_0.grade_id,s1_1.id,s1_1.name from grade_subjects s1_0 join subjects s1_1 on s1_1.id=s1_0.subject_id where s1_0.grade_id=?
Hibernate: select s1_0.grade_id,s1_1.id,s1_1.name from grade_subjects s1_0 join subjects s1_1 on s1_1.id=s1_0.subject_id where s1_0.grade_id=?
Hibernate: select s1_0.person_id,s1_1.id,s1_1.name from teacher_subjects s1_0 join subjects s1_1 on s1_1.id=s1_0.subject_id where s1_0.person_id=?
Hibernate: select s1_0.person_id,s1_1.id,s1_1.name from teacher_subjects s1_0 join subjects s1_1 on s1_1.id=s1_0.subject_id where s1_0.person_id=?
Hibernate: select s1_0.person_id,s1_1.id,s1_1.name from teacher_subjects s1_0 join subjects s1_1 on s1_1.id=s1_0.subject_id where s1_0.person_id=?
Hibernate: select s1_0.person_id,s1_1.id,s1_1.name from teacher_subjects s1_0 join subjects s1_1 on s1_1.id=s1_0.subject_id where s1_0.person_id=?
Hibernate: select s1_0.person_id,s1_1.id,s1_1.name from teacher_subjects s1_0 join subjects s1_1 on s1_1.id=s1_0.subject_id where s1_0.person_id=?
Hibernate: select s1_0.grade_id,s1_1.id,s1_1.name from grade_subjects s1_0 join subjects s1_1 on s1_1.id=s1_0.subject_id where s1_0.grade_id=?
Hibernate: select s1_0.grade_id,s1_1.id,s1_1.name from grade_subjects s1_0 join subjects s1_1 on s1_1.id=s1_0.subject_id where s1_0.grade_id=?
Hibernate: select s1_0.person_id,s1_1.id,s1_1.name from teacher_subjects s1_0 join subjects s1_1 on s1_1.id=s1_0.subject_id where s1_0.person_id=?
Hibernate: select s1_0.person_id,s1_1.id,s1_1.name from teacher_subjects s1_0 join subjects s1_1 on s1_1.id=s1_0.subject_id where s1_0.person_id=?
Hibernate: select s1_0.person_id,s1_1.id,s1_1.name from teacher_subjects s1_0 join subjects s1_1 on s1_1.id=s1_0.subject_id where s1_0.person_id=?
Hibernate: select s1_0.person_id,s1_1.id,s1_1.name from teacher_subjects s1_0 join subjects s1_1 on s1_1.id=s1_0.subject_id where s1_0.person_id=?
Hibernate: select s1_0.person_id,s1_1.id,s1_1.name from teacher_subjects s1_0 join subjects s1_1 on s1_1.id=s1_0.subject_id where s1_0.person_id=?
Hibernate: select p1_0.id,p1_0.first_name,p1_0.grade_id,p1_0.group_id,p1_0.last_name from people p1_0
Hibernate: select g1_0.id,g1_0.name from groups g1_0 where g1_0.id=?
Hibernate: select g1_0.id,g1_0.level from grades g1_0 where g1_0.id=?
Hibernate: select g1_0.id,g1_0.name from groups g1_0 where g1_0.id=?
Hibernate: select g1_0.id,g1_0.level from grades g1_0 where g1_0.id=?
Hibernate: select g1_0.id,g1_0.level from grades g1_0 where g1_0.id=?
Hibernate: select s1_0.person_id,s1_1.id,s1_1.name from teacher_subjects s1_0 join subjects s1_1 on s1_1.id=s1_0.subject_id where s1_0.person_id=?
Hibernate: select s1_0.person_id,s1_1.id,s1_1.name from teacher_subjects s1_0 join subjects s1_1 on s1_1.id=s1_0.subject_id where s1_0.person_id=?
Hibernate: select s1_0.person_id,s1_1.id,s1_1.name from teacher_subjects s1_0 join subjects s1_1 on s1_1.id=s1_0.subject_id where s1_0.person_id=?
Hibernate: select s1_0.person_id,s1_1.id,s1_1.name from teacher_subjects s1_0 join subjects s1_1 on s1_1.id=s1_0.subject_id where s1_0.person_id=?
Hibernate: select s1_0.person_id,s1_1.id,s1_1.name from teacher_subjects s1_0 join subjects s1_1 on s1_1.id=s1_0.subject_id where s1_0.person_id=?
Hibernate: select s1_0.person_id,s1_1.id,s1_1.name from teacher_subjects s1_0 join subjects s1_1 on s1_1.id=s1_0.subject_id where s1_0.person_id=?
Hibernate: select s1_0.person_id,s1_1.id,s1_1.name from teacher_subjects s1_0 join subjects s1_1 on s1_1.id=s1_0.subject_id where s1_0.person_id=?
Hibernate: select s1_0.person_id,s1_1.id,s1_1.name from teacher_subjects s1_0 join subjects s1_1 on s1_1.id=s1_0.subject_id where s1_0.person_id=?
Hibernate: select s1_0.person_id,s1_1.id,s1_1.name from teacher_subjects s1_0 join subjects s1_1 on s1_1.id=s1_0.subject_id where s1_0.person_id=?
Hibernate: select s1_0.person_id,s1_1.id,s1_1.name from teacher_subjects s1_0 join subjects s1_1 on s1_1.id=s1_0.subject_id where s1_0.person_id=?
Hibernate: select s1_0.grade_id,s1_1.id,s1_1.name from grade_subjects s1_0 join subjects s1_1 on s1_1.id=s1_0.subject_id where s1_0.grade_id=?
Hibernate: select s1_0.person_id,s1_1.id,s1_1.name from teacher_subjects s1_0 join subjects s1_1 on s1_1.id=s1_0.subject_id where s1_0.person_id=?
Hibernate: select s1_0.person_id,s1_1.id,s1_1.name from teacher_subjects s1_0 join subjects s1_1 on s1_1.id=s1_0.subject_id where s1_0.person_id=?
Hibernate: select s1_0.grade_id,s1_1.id,s1_1.name from grade_subjects s1_0 join subjects s1_1 on s1_1.id=s1_0.subject_id where s1_0.grade_id=?
Hibernate: select s1_0.person_id,s1_1.id,s1_1.name from teacher_subjects s1_0 join subjects s1_1 on s1_1.id=s1_0.subject_id where s1_0.person_id=?
Hibernate: select s1_0.person_id,s1_1.id,s1_1.name from teacher_subjects s1_0 join subjects s1_1 on s1_1.id=s1_0.subject_id where s1_0.person_id=?
Hibernate: select s1_0.grade_id,s1_1.id,s1_1.name from grade_subjects s1_0 join subjects s1_1 on s1_1.id=s1_0.subject_id where s1_0.grade_id=?
Hibernate: select s1_0.person_id,s1_1.id,s1_1.name from teacher_subjects s1_0 join subjects s1_1 on s1_1.id=s1_0.subject_id where s1_0.person_id=?
Hibernate: select s1_0.person_id,s1_1.id,s1_1.name from teacher_subjects s1_0 join subjects s1_1 on s1_1.id=s1_0.subject_id where s1_0.person_id=?
